#
# A fatal error has been detected by the Java Runtime Environment:
#
#  SIGSEGV (0xb) at pc=0x0000000105d78e37, pid=29088, tid=14851
#
# JRE version: 7.0_09-b05
# Java VM: Java HotSpot(TM) 64-Bit Server VM (23.5-b02 mixed mode bsd-amd64 compressed oops)
# Problematic frame:
# V  [libjvm.dylib+0x205e37]
#
# Failed to write core dump. Core dumps have been disabled. To enable core dumping, try "ulimit -c unlimited" before starting Java again
#
# If you would like to submit a bug report, please visit:
#   http://bugreport.sun.com/bugreport/crash.jsp
#

---------------  T H R E A D  ---------------

Current thread (0x00007fb9c3003800):  JavaThread "JDWP Transport Listener: dt_socket" daemon [_thread_in_vm, id=14851, stack(0x000000010a9be000,0x000000010aabe000)]

siginfo:si_signo=SIGSEGV: si_errno=0, si_code=0 (SEGV0), si_addr=0x0000000000000000

Registers:
RAX=0x4855c35de5894855, RBX=0x000000010aabd328, RCX=0x0000000000000000, RDX=0x0000000107037460
RSP=0x000000010aabd290, RBP=0x000000010aabd2b0, RSI=0x00007fb9c29d1ab8, RDI=0x00007fb9c29d1ab8
R8 =0x00007fb9c29d1b48, R9 =0x000000010aabd3b8, R10=0x000000010664c928, R11=0xffff8047480eb870
R12=0x000000010aabd328, R13=0x00007fb9c3003800, R14=0x000000010aabd358, R15=0x00007fb9c29d1ab8
RIP=0x0000000105d78e37, EFLAGS=0x0000000000010246, ERR=0x0000000000000000
  TRAPNO=0x000000000000000d

Top of Stack: (sp=0x000000010aabd290)
0x000000010aabd290:   000000010aabd358 00007fb9c240c8d0
0x000000010aabd2a0:   000000010aabd328 000000010aabd648
0x000000010aabd2b0:   000000010aabd310 0000000105d77866
0x000000010aabd2c0:   000000010aabd300 0000000105d78c30
0x000000010aabd2d0:   00007fb9c2509384 000000010aabd3a8
0x000000010aabd2e0:   000000010aabd3a8 00007fb9c29d17c0
0x000000010aabd2f0:   00007fb9c240c8d0 00007fb9c29d1ab0
0x000000010aabd300:   00000000000002c4 000000010aabd648
0x000000010aabd310:   000000010aabd610 0000000106010180
0x000000010aabd320:   000000010aabd3a8 0000000105d005be
0x000000010aabd330:   4855c35dc031e589 0000000000000000
0x000000010aabd340:   0000000100000000 4855c35de5894855
0x000000010aabd350:   0000000105d005be 0000000000000000
0x000000010aabd360:   0000000000000000 0000000000000000
0x000000010aabd370:   0000000000000000 0000000000000000
0x000000010aabd380:   0000000000000000 0000000000000000
0x000000010aabd390:   0000000000000000 0000000000000000
0x000000010aabd3a0:   0000000000000000 000000010664c928
0x000000010aabd3b0:   000000010664c928 0000000000000000
0x000000010aabd3c0:   0000000000000000 0000000000000000
0x000000010aabd3d0:   0000000000000000 0000000000000000
0x000000010aabd3e0:   0000000000000000 0000000000000000
0x000000010aabd3f0:   0000000000000000 0000000000000000
0x000000010aabd400:   0000000000000000 0000000000000000
0x000000010aabd410:   0000000000000000 0000000000000000
0x000000010aabd420:   0000000000000000 0000000000000000
0x000000010aabd430:   0000000000000000 0000000000000000
0x000000010aabd440:   0000000000000000 0000000000000000
0x000000010aabd450:   0000000000000000 0000000000000000
0x000000010aabd460:   0000000000000000 0000000000000000
0x000000010aabd470:   0000000000000000 0000000000000000
0x000000010aabd480:   0000000000000000 0000000000000000 

Instructions: (pc=0x0000000105d78e37)
0x0000000105d78e17:   ed ff ff eb 71 49 83 7f 10 00 74 10 4c 89 e7 4c
0x0000000105d78e27:   89 fe 4c 89 f2 e8 ab fc ff ff eb 5a 49 8b 47 20
0x0000000105d78e37:   48 8b 08 48 8b 78 08 48 83 c0 10 49 89 04 24 49
0x0000000105d78e47:   89 44 24 28 49 89 4c 24 20 49 89 7c 24 08 e8 5a 

Register to memory mapping:

RAX=0x4855c35de5894855 is an unknown value
RBX=0x000000010aabd328 is pointing into the stack for thread: 0x00007fb9c3003800
RCX=0x0000000000000000 is an unknown value
RDX=0x0000000107037460 is an unknown value
RSP=0x000000010aabd290 is pointing into the stack for thread: 0x00007fb9c3003800
RBP=0x000000010aabd2b0 is pointing into the stack for thread: 0x00007fb9c3003800
RSI=0x00007fb9c29d1ab8 is an unknown value
RDI=0x00007fb9c29d1ab8 is an unknown value
R8 =0x00007fb9c29d1b48 is an unknown value
R9 =0x000000010aabd3b8 is pointing into the stack for thread: 0x00007fb9c3003800
R10=0x000000010664c928 is pointing into the stack for thread: 0x00007fb9c3800000
R11=0xffff8047480eb870 is an unknown value
R12=0x000000010aabd328 is pointing into the stack for thread: 0x00007fb9c3003800
R13=0x00007fb9c3003800 is a thread
R14=0x000000010aabd358 is pointing into the stack for thread: 0x00007fb9c3003800
R15=0x00007fb9c29d1ab8 is an unknown value


Stack: [0x000000010a9be000,0x000000010aabe000],  sp=0x000000010aabd290,  free space=1020k
Native frames: (J=compiled Java code, j=interpreted, Vv=VM code, C=native code)
V  [libjvm.dylib+0x205e37]
V  [libjvm.dylib+0x204866]
V  [libjvm.dylib+0x49d180]
V  [libjvm.dylib+0x49cbc3]
V  [libjvm.dylib+0x2fe434]
V  [libjvm.dylib+0x2fe7bc]
V  [libjvm.dylib+0x2fa61c]
V  [libjvm.dylib+0x2d0d16]
C  [libjdwp.dylib+0x8996]  frames+0x1f5
C  [libjdwp.dylib+0xe75e]  debugLoop_run+0x1ce
C  [libjdwp.dylib+0x1f1ba]  attachThread+0x4d
V  [libjvm.dylib+0x30ba86]
V  [libjvm.dylib+0x478694]
V  [libjvm.dylib+0x479b7a]
V  [libjvm.dylib+0x3b5595]
C  [libsystem_pthread.dylib+0x1899]  _pthread_body+0x8a
C  [libsystem_pthread.dylib+0x172a]  _pthread_struct_init+0x0
C  [libsystem_pthread.dylib+0x5fc9]  thread_start+0xd


---------------  P R O C E S S  ---------------

Java Threads: ( => current thread )
  0x00007fb9c385f000 JavaThread "SIGTERM handler" daemon [_thread_blocked, id=9479, stack(0x000000010abc4000,0x000000010acc4000)]
  0x00007fb9c385d800 JavaThread "Service Thread" daemon [_thread_blocked, id=16131, stack(0x000000010aecd000,0x000000010afcd000)]
  0x00007fb9c3004000 JavaThread "C2 CompilerThread1" daemon [_thread_blocked, id=15875, stack(0x000000010adca000,0x000000010aeca000)]
  0x00007fb9c3869000 JavaThread "C2 CompilerThread0" daemon [_thread_blocked, id=15619, stack(0x000000010acc7000,0x000000010adc7000)]
  0x00007fb9c3005800 JavaThread "JDWP Event Helper Thread" daemon [_thread_blocked, id=15107, stack(0x000000010aac1000,0x000000010abc1000)]
=>0x00007fb9c3003800 JavaThread "JDWP Transport Listener: dt_socket" daemon [_thread_in_vm, id=14851, stack(0x000000010a9be000,0x000000010aabe000)]
  0x00007fb9c3854800 JavaThread "Finalizer" daemon [_thread_blocked, id=9219, stack(0x000000010a673000,0x000000010a773000)]
  0x00007fb9c280a000 JavaThread "Reference Handler" daemon [_thread_blocked, id=8963, stack(0x000000010a570000,0x000000010a670000)]
  0x00007fb9c3800000 JavaThread "main" [_thread_blocked, id=4355, stack(0x000000010661b000,0x000000010671b000)]

Other Threads:
  0x00007fb9c384e800 VMThread [stack: 0x000000010a46d000,0x000000010a56d000] [id=8707]

VM state:synchronizing (normal execution)

VM Mutex/Monitor currently owned by a thread:  ([mutex/lock_event])
[0x00007fb9c240f200] Threads_lock - owner thread: 0x00007fb9c384e800

Heap
 def new generation   total 5824K, used 4364K [0x00000007e7c00000, 0x00000007e8250000, 0x00000007ee200000)
  eden space 5184K,  78% used [0x00000007e7c00000, 0x00000007e7ff7678, 0x00000007e8110000)
  from space 640K,  47% used [0x00000007e81b0000, 0x00000007e81fbcd0, 0x00000007e8250000)
  to   space 640K,   0% used [0x00000007e8110000, 0x00000007e8110000, 0x00000007e81b0000)
 tenured generation   total 13056K, used 0K [0x00000007ee200000, 0x00000007eeec0000, 0x00000007fae00000)
   the space 13056K,   0% used [0x00000007ee200000, 0x00000007ee200000, 0x00000007ee200200, 0x00000007eeec0000)
 compacting perm gen  total 21248K, used 2734K [0x00000007fae00000, 0x00000007fc2c0000, 0x0000000800000000)
   the space 21248K,  12% used [0x00000007fae00000, 0x00000007fb0ab808, 0x00000007fb0aba00, 0x00000007fc2c0000)
No shared spaces configured.

Card table byte_map: [0x000000010a0c0000,0x000000010a183000] byte_map_base: 0x0000000106182000

Polling page: 0x000000010675a000

Code Cache  [0x0000000107000000, 0x0000000107270000, 0x000000010a000000)
 total_blobs=245 nmethods=72 adapters=134 free_code_cache=48627Kb largest_free_block=49768768

Compilation events (10 events):
Event: 56.619 Thread 0x00007fb9c3869000   68             java.lang.StringBuilder::toString (17 bytes)
Event: 56.623 Thread 0x00007fb9c3869000 nmethod 68 0x000000010706c190 code [0x000000010706c300, 0x000000010706c658]
Event: 56.659 Thread 0x00007fb9c3004000   69             java.lang.StringBuilder::<init> (18 bytes)
Event: 56.659 Thread 0x00007fb9c3869000   70             java.io.PrintStream::print (13 bytes)
Event: 56.660 Thread 0x00007fb9c3869000 nmethod 70 0x0000000107085e90 code [0x0000000107085fe0, 0x0000000107086088]
Event: 56.665 Thread 0x00007fb9c3004000 nmethod 69 0x000000010707d150 code [0x000000010707d2c0, 0x000000010707d6e8]
Event: 60.250 Thread 0x00007fb9c3869000   71   !         java.io.PrintStream::newLine (73 bytes)
Event: 60.250 Thread 0x00007fb9c3004000   72             java.io.BufferedWriter::newLine (9 bytes)
Event: 60.252 Thread 0x00007fb9c3004000 nmethod 72 0x000000010707cd50 code [0x000000010707cea0, 0x000000010707cfc8]
Event: 60.256 Thread 0x00007fb9c3869000 nmethod 71 0x0000000107083310 code [0x00000001070834c0, 0x0000000107083b10]

GC Heap History (2 events):
Event: 58.327 GC heap before
{Heap before GC invocations=0 (full 0):
 def new generation   total 5824K, used 5184K [0x00000007e7c00000, 0x00000007e8250000, 0x00000007ee200000)
  eden space 5184K, 100% used [0x00000007e7c00000, 0x00000007e8110000, 0x00000007e8110000)
  from space 640K,   0% used [0x00000007e8110000, 0x00000007e8110000, 0x00000007e81b0000)
  to   space 640K,   0% used [0x00000007e81b0000, 0x00000007e81b0000, 0x00000007e8250000)
 tenured generation   total 13056K, used 0K [0x00000007ee200000, 0x00000007eeec0000, 0x00000007fae00000)
   the space 13056K,   0% used [0x00000007ee200000, 0x00000007ee200000, 0x00000007ee200200, 0x00000007eeec0000)
 compacting perm gen  total 21248K, used 2717K [0x00000007fae00000, 0x00000007fc2c0000, 0x0000000800000000)
   the space 21248K,  12% used [0x00000007fae00000, 0x00000007fb0a7600, 0x00000007fb0a7600, 0x00000007fc2c0000)
No shared spaces configured.
Event: 58.332 GC heap after
Heap after GC invocations=1 (full 0):
 def new generation   total 5824K, used 303K [0x00000007e7c00000, 0x00000007e8250000, 0x00000007ee200000)
  eden space 5184K,   0% used [0x00000007e7c00000, 0x00000007e7c00000, 0x00000007e8110000)
  from space 640K,  47% used [0x00000007e81b0000, 0x00000007e81fbcd0, 0x00000007e8250000)
  to   space 640K,   0% used [0x00000007e8110000, 0x00000007e8110000, 0x00000007e81b0000)
 tenured generation   total 13056K, used 0K [0x00000007ee200000, 0x00000007eeec0000, 0x00000007fae00000)
   the space 13056K,   0% used [0x00000007ee200000, 0x00000007ee200000, 0x00000007ee200200, 0x00000007eeec0000)
 compacting perm gen  total 21248K, used 2717K [0x00000007fae00000, 0x00000007fc2c0000, 0x0000000800000000)
   the space 21248K,  12% used [0x00000007fae00000, 0x00000007fb0a7600, 0x00000007fb0a7600, 0x00000007fc2c0000)
No shared spaces configured.
}

Deoptimization events (0 events):
No events

Internal exceptions (10 events):
Event: 0.274 Thread 0x00007fb9c3800000 Threw 0x00000007e7caa968 at /HUDSON/workspace/jdk7u9-2-build-macosx-amd64-product/jdk7u9/hotspot/src/share/vm/prims/jvm.cpp:1166
Event: 0.276 Thread 0x00007fb9c3800000 Threw 0x00000007e7cab400 at /HUDSON/workspace/jdk7u9-2-build-macosx-amd64-product/jdk7u9/hotspot/src/share/vm/prims/jni.cpp:716
Event: 0.276 Thread 0x00007fb9c3800000 Threw 0x00000007e7cab520 at /HUDSON/workspace/jdk7u9-2-build-macosx-amd64-product/jdk7u9/hotspot/src/share/vm/prims/jvm.cpp:1166
Event: 0.276 Thread 0x00007fb9c3800000 Threw 0x00000007e7cab648 at /HUDSON/workspace/jdk7u9-2-build-macosx-amd64-product/jdk7u9/hotspot/src/share/vm/prims/jvm.cpp:1166
Event: 0.278 Thread 0x00007fb9c3800000 Threw 0x00000007e7cbdc88 at /HUDSON/workspace/jdk7u9-2-build-macosx-amd64-product/jdk7u9/hotspot/src/share/vm/prims/jni.cpp:716
Event: 0.278 Thread 0x00007fb9c3800000 Threw 0x00000007e7cbdda8 at /HUDSON/workspace/jdk7u9-2-build-macosx-amd64-product/jdk7u9/hotspot/src/share/vm/prims/jvm.cpp:1166
Event: 0.278 Thread 0x00007fb9c3800000 Threw 0x00000007e7cbded0 at /HUDSON/workspace/jdk7u9-2-build-macosx-amd64-product/jdk7u9/hotspot/src/share/vm/prims/jvm.cpp:1166
Event: 0.278 Thread 0x00007fb9c3800000 Threw 0x00000007e7cbe120 at /HUDSON/workspace/jdk7u9-2-build-macosx-amd64-product/jdk7u9/hotspot/src/share/vm/prims/jvm.cpp:1166
Event: 0.288 Thread 0x00007fb9c3800000 Threw 0x00000007e7cc4290 at /HUDSON/workspace/jdk7u9-2-build-macosx-amd64-product/jdk7u9/hotspot/src/share/vm/prims/jvm.cpp:1166
Event: 61.806 Thread 0x00007fb9c3800000 Threw 0x00000007e7fbfd80 at /HUDSON/workspace/jdk7u9-2-build-macosx-amd64-product/jdk7u9/hotspot/src/share/vm/interpreter/interpret

Events (10 events):
Event: 170.600 Thread 0x00007fb9c385f000 Thread exited: 0x00007fb9c385f000
Event: 173.604 loading class 0x00007fb9c2425110
Event: 173.605 loading class 0x00007fb9c2425110 done
Event: 173.605 Thread 0x00007fb9c385f000 Thread added: 0x00007fb9c385f000
Event: 173.606 loading class 0x00007fb9c2609870
Event: 173.606 loading class 0x00007fb9c2609870 done
Event: 173.606 loading class 0x00007fb9c2517a20
Event: 173.606 loading class 0x00007fb9c2517a20 done
Event: 173.608 Thread 0x00007fb9c3857000 Thread exited: 0x00007fb9c3857000
Event: 173.608 Executing VM operation: Exit


Dynamic libraries:
0x0000000000605000 	/System/Library/Frameworks/Cocoa.framework/Versions/A/Cocoa
0x0000000000605000 	/System/Library/Frameworks/Security.framework/Versions/A/Security
0x0000000000605000 	/System/Library/Frameworks/ApplicationServices.framework/Versions/A/ApplicationServices
0x0000000000605000 	/usr/lib/libz.1.dylib
0x0000000000605000 	/usr/lib/libSystem.B.dylib
0x0000000000605000 	/usr/lib/libobjc.A.dylib
0x0000000000605000 	/System/Library/Frameworks/CoreFoundation.framework/Versions/A/CoreFoundation
0x0000000000605000 	/System/Library/Frameworks/AppKit.framework/Versions/C/AppKit
0x0000000000605000 	/System/Library/Frameworks/CoreData.framework/Versions/A/CoreData
0x0000000000605000 	/System/Library/Frameworks/Foundation.framework/Versions/C/Foundation
0x0000000000605000 	/System/Library/PrivateFrameworks/RemoteViewServices.framework/Versions/A/RemoteViewServices
0x0000000000605000 	/System/Library/Frameworks/AudioToolbox.framework/Versions/A/AudioToolbox
0x0000000000605000 	/System/Library/Frameworks/AudioUnit.framework/Versions/A/AudioUnit
0x0000000000605000 	/System/Library/PrivateFrameworks/DataDetectorsCore.framework/Versions/A/DataDetectorsCore
0x0000000000605000 	/System/Library/PrivateFrameworks/DesktopServicesPriv.framework/Versions/A/DesktopServicesPriv
0x0000000000605000 	/System/Library/Frameworks/Carbon.framework/Versions/A/Frameworks/HIToolbox.framework/Versions/A/HIToolbox
0x0000000000605000 	/System/Library/Frameworks/QuartzCore.framework/Versions/A/QuartzCore
0x0000000000605000 	/System/Library/Frameworks/Carbon.framework/Versions/A/Frameworks/SpeechRecognition.framework/Versions/A/SpeechRecognition
0x0000000000605000 	/usr/lib/libauto.dylib
0x0000000000605000 	/usr/lib/libicucore.A.dylib
0x0000000000605000 	/usr/lib/libxml2.2.dylib
0x0000000000605000 	/System/Library/PrivateFrameworks/CoreUI.framework/Versions/A/CoreUI
0x0000000000605000 	/System/Library/Frameworks/CoreAudio.framework/Versions/A/CoreAudio
0x0000000000605000 	/System/Library/Frameworks/DiskArbitration.framework/Versions/A/DiskArbitration
0x0000000000605000 	/usr/lib/liblangid.dylib
0x0000000000605000 	/System/Library/PrivateFrameworks/MultitouchSupport.framework/Versions/A/MultitouchSupport
0x0000000000605000 	/System/Library/Frameworks/IOKit.framework/Versions/A/IOKit
0x0000000000605000 	/usr/lib/libDiagnosticMessagesClient.dylib
0x0000000000605000 	/System/Library/Frameworks/CoreServices.framework/Versions/A/CoreServices
0x0000000000605000 	/System/Library/PrivateFrameworks/PerformanceAnalysis.framework/Versions/A/PerformanceAnalysis
0x0000000000605000 	/System/Library/PrivateFrameworks/GenerationalStorage.framework/Versions/A/GenerationalStorage
0x0000000000605000 	/System/Library/Frameworks/OpenGL.framework/Versions/A/OpenGL
0x0000000000605000 	/System/Library/PrivateFrameworks/Sharing.framework/Versions/A/Sharing
0x0000000000605000 	/System/Library/Frameworks/ImageIO.framework/Versions/A/ImageIO
0x0000000000605000 	/System/Library/Frameworks/CoreText.framework/Versions/A/CoreText
0x0000000000605000 	/System/Library/Frameworks/CoreGraphics.framework/Versions/A/CoreGraphics
0x0000000000605000 	/System/Library/PrivateFrameworks/Backup.framework/Versions/A/Backup
0x0000000000605000 	/System/Library/Frameworks/CFNetwork.framework/Versions/A/CFNetwork
0x0000000000605000 	/System/Library/Frameworks/SystemConfiguration.framework/Versions/A/SystemConfiguration
0x0000000000605000 	/usr/lib/libCRFSuite.dylib
0x0000000000605000 	/usr/lib/libc++.1.dylib
0x0000000000605000 	/usr/lib/libc++abi.dylib
0x0000000000605000 	/usr/lib/system/libcache.dylib
0x0000000000605000 	/usr/lib/system/libcommonCrypto.dylib
0x0000000000605000 	/usr/lib/system/libcompiler_rt.dylib
0x0000000000605000 	/usr/lib/system/libcopyfile.dylib
0x0000000000605000 	/usr/lib/system/libcorecrypto.dylib
0x0000000000605000 	/usr/lib/system/libdispatch.dylib
0x0000000000605000 	/usr/lib/system/libdyld.dylib
0x0000000000605000 	/usr/lib/system/libkeymgr.dylib
0x0000000000605000 	/usr/lib/system/liblaunch.dylib
0x0000000000605000 	/usr/lib/system/libmacho.dylib
0x0000000000605000 	/usr/lib/system/libquarantine.dylib
0x0000000000605000 	/usr/lib/system/libremovefile.dylib
0x0000000000605000 	/usr/lib/system/libsystem_asl.dylib
0x0000000000605000 	/usr/lib/system/libsystem_blocks.dylib
0x0000000000605000 	/usr/lib/system/libsystem_c.dylib
0x0000000000605000 	/usr/lib/system/libsystem_configuration.dylib
0x0000000000605000 	/usr/lib/system/libsystem_dnssd.dylib
0x0000000000605000 	/usr/lib/system/libsystem_info.dylib
0x0000000000605000 	/usr/lib/system/libsystem_kernel.dylib
0x0000000000605000 	/usr/lib/system/libsystem_m.dylib
0x0000000000605000 	/usr/lib/system/libsystem_malloc.dylib
0x0000000000605000 	/usr/lib/system/libsystem_network.dylib
0x0000000000605000 	/usr/lib/system/libsystem_notify.dylib
0x0000000000605000 	/usr/lib/system/libsystem_platform.dylib
0x0000000000605000 	/usr/lib/system/libsystem_pthread.dylib
0x0000000000605000 	/usr/lib/system/libsystem_sandbox.dylib
0x0000000000605000 	/usr/lib/system/libsystem_stats.dylib
0x0000000000605000 	/usr/lib/system/libunc.dylib
0x0000000000605000 	/usr/lib/system/libunwind.dylib
0x0000000000605000 	/usr/lib/system/libxpc.dylib
0x0000000000605000 	/usr/lib/libbsm.0.dylib
0x0000000000605000 	/usr/lib/libsqlite3.dylib
0x0000000000605000 	/usr/lib/libxar.1.dylib
0x0000000000605000 	/usr/lib/libpam.2.dylib
0x0000000000605000 	/usr/lib/libOpenScriptingUtil.dylib
0x0000000000605000 	/usr/lib/libbz2.1.0.dylib
0x0000000000605000 	/System/Library/Frameworks/CoreServices.framework/Versions/A/Frameworks/CarbonCore.framework/Versions/A/CarbonCore
0x0000000000605000 	/System/Library/Frameworks/CoreServices.framework/Versions/A/Frameworks/Metadata.framework/Versions/A/Metadata
0x0000000000605000 	/System/Library/Frameworks/CoreServices.framework/Versions/A/Frameworks/OSServices.framework/Versions/A/OSServices
0x0000000000605000 	/System/Library/Frameworks/CoreServices.framework/Versions/A/Frameworks/SearchKit.framework/Versions/A/SearchKit
0x0000000000605000 	/System/Library/Frameworks/CoreServices.framework/Versions/A/Frameworks/AE.framework/Versions/A/AE
0x0000000000605000 	/System/Library/Frameworks/CoreServices.framework/Versions/A/Frameworks/LaunchServices.framework/Versions/A/LaunchServices
0x0000000000605000 	/System/Library/Frameworks/CoreServices.framework/Versions/A/Frameworks/DictionaryServices.framework/Versions/A/DictionaryServices
0x0000000000605000 	/System/Library/Frameworks/NetFS.framework/Versions/A/NetFS
0x0000000000605000 	/usr/lib/system/libkxld.dylib
0x0000000000605000 	/System/Library/PrivateFrameworks/NetAuth.framework/Versions/A/NetAuth
0x0000000000605000 	/System/Library/PrivateFrameworks/TCC.framework/Versions/A/TCC
0x0000000000605000 	/System/Library/Frameworks/OpenDirectory.framework/Versions/A/Frameworks/CFOpenDirectory.framework/Versions/A/CFOpenDirectory
0x0000000000605000 	/System/Library/Frameworks/ServiceManagement.framework/Versions/A/ServiceManagement
0x0000000000605000 	/usr/lib/libxslt.1.dylib
0x0000000000605000 	/System/Library/Frameworks/Carbon.framework/Versions/A/Frameworks/Ink.framework/Versions/A/Ink
0x0000000000605000 	/System/Library/Frameworks/ApplicationServices.framework/Versions/A/Frameworks/ATS.framework/Versions/A/ATS
0x0000000000605000 	/System/Library/Frameworks/ApplicationServices.framework/Versions/A/Frameworks/ColorSync.framework/Versions/A/ColorSync
0x0000000000605000 	/System/Library/Frameworks/ApplicationServices.framework/Versions/A/Frameworks/HIServices.framework/Versions/A/HIServices
0x0000000000605000 	/System/Library/Frameworks/ApplicationServices.framework/Versions/A/Frameworks/LangAnalysis.framework/Versions/A/LangAnalysis
0x0000000000605000 	/System/Library/Frameworks/ApplicationServices.framework/Versions/A/Frameworks/PrintCore.framework/Versions/A/PrintCore
0x0000000000605000 	/System/Library/Frameworks/ApplicationServices.framework/Versions/A/Frameworks/QD.framework/Versions/A/QD
0x0000000000605000 	/System/Library/Frameworks/ApplicationServices.framework/Versions/A/Frameworks/SpeechSynthesis.framework/Versions/A/SpeechSynthesis
0x0000000000605000 	/System/Library/Frameworks/IOSurface.framework/Versions/A/IOSurface
0x0000000000605000 	/System/Library/Frameworks/Accelerate.framework/Versions/A/Accelerate
0x0000000000605000 	/System/Library/Frameworks/Accelerate.framework/Versions/A/Frameworks/vImage.framework/Versions/A/vImage
0x0000000000605000 	/System/Library/Frameworks/Accelerate.framework/Versions/A/Frameworks/vecLib.framework/Versions/A/vecLib
0x0000000000605000 	/System/Library/Frameworks/Accelerate.framework/Versions/A/Frameworks/vecLib.framework/Versions/A/libvDSP.dylib
0x0000000000605000 	/System/Library/Frameworks/Accelerate.framework/Versions/A/Frameworks/vecLib.framework/Versions/A/libvMisc.dylib
0x0000000000605000 	/System/Library/Frameworks/Accelerate.framework/Versions/A/Frameworks/vecLib.framework/Versions/A/libLAPACK.dylib
0x0000000000605000 	/System/Library/Frameworks/Accelerate.framework/Versions/A/Frameworks/vecLib.framework/Versions/A/libBLAS.dylib
0x0000000000605000 	/System/Library/Frameworks/ApplicationServices.framework/Versions/A/Frameworks/ATS.framework/Versions/A/Resources/libFontParser.dylib
0x0000000000605000 	/System/Library/Frameworks/ApplicationServices.framework/Versions/A/Frameworks/ATS.framework/Versions/A/Resources/libFontRegistry.dylib
0x0000000000605000 	/System/Library/Frameworks/ImageIO.framework/Versions/A/Resources/libJPEG.dylib
0x0000000000605000 	/System/Library/Frameworks/ImageIO.framework/Versions/A/Resources/libTIFF.dylib
0x0000000000605000 	/System/Library/Frameworks/ImageIO.framework/Versions/A/Resources/libPng.dylib
0x0000000000605000 	/System/Library/Frameworks/ImageIO.framework/Versions/A/Resources/libGIF.dylib
0x0000000000605000 	/System/Library/Frameworks/ImageIO.framework/Versions/A/Resources/libJP2.dylib
0x0000000000605000 	/System/Library/Frameworks/ImageIO.framework/Versions/A/Resources/libRadiance.dylib
0x0000000000605000 	/usr/lib/libcups.2.dylib
0x0000000000605000 	/System/Library/Frameworks/Kerberos.framework/Versions/A/Kerberos
0x0000000000605000 	/System/Library/Frameworks/GSS.framework/Versions/A/GSS
0x0000000000605000 	/usr/lib/libresolv.9.dylib
0x0000000000605000 	/usr/lib/libiconv.2.dylib
0x0000000000605000 	/System/Library/PrivateFrameworks/Heimdal.framework/Versions/A/Heimdal
0x0000000000605000 	/System/Library/PrivateFrameworks/TrustEvaluationAgent.framework/Versions/A/TrustEvaluationAgent
0x0000000000605000 	/usr/lib/libheimdal-asn1.dylib
0x0000000000605000 	/System/Library/Frameworks/OpenDirectory.framework/Versions/A/OpenDirectory
0x0000000000605000 	/System/Library/PrivateFrameworks/CommonAuth.framework/Versions/A/CommonAuth
0x0000000000605000 	/System/Library/Frameworks/SecurityFoundation.framework/Versions/A/SecurityFoundation
0x0000000000605000 	/System/Library/PrivateFrameworks/Bom.framework/Versions/A/Bom
0x0000000000605000 	/System/Library/Frameworks/CoreVideo.framework/Versions/A/CoreVideo
0x0000000000605000 	/System/Library/Frameworks/QuartzCore.framework/Versions/A/Frameworks/CoreImage.framework/Versions/A/CoreImage
0x0000000000605000 	/System/Library/Frameworks/QuartzCore.framework/Versions/A/Frameworks/ScalableUserInterface.framework/Versions/A/ScalableUserInterface
0x0000000000605000 	/System/Library/Frameworks/OpenGL.framework/Versions/A/Libraries/libGLU.dylib
0x0000000000605000 	/System/Library/Frameworks/OpenGL.framework/Versions/A/Libraries/libGFXShared.dylib
0x0000000000605000 	/System/Library/Frameworks/OpenGL.framework/Versions/A/Libraries/libGL.dylib
0x0000000000605000 	/System/Library/Frameworks/OpenGL.framework/Versions/A/Libraries/libGLImage.dylib
0x0000000000605000 	/System/Library/Frameworks/OpenGL.framework/Versions/A/Libraries/libCVMSPluginSupport.dylib
0x0000000000605000 	/System/Library/Frameworks/OpenGL.framework/Versions/A/Libraries/libCoreVMClient.dylib
0x0000000000605000 	/System/Library/PrivateFrameworks/FaceCore.framework/Versions/A/FaceCore
0x0000000000605000 	/System/Library/PrivateFrameworks/CrashReporterSupport.framework/Versions/A/CrashReporterSupport
0x0000000000605000 	/System/Library/Frameworks/OpenCL.framework/Versions/A/OpenCL
0x0000000000605000 	/System/Library/PrivateFrameworks/AppleFSCompression.framework/Versions/A/AppleFSCompression
0x0000000000605000 	/System/Library/PrivateFrameworks/Ubiquity.framework/Versions/A/Ubiquity
0x0000000000605000 	/System/Library/PrivateFrameworks/IconServices.framework/Versions/A/IconServices
0x0000000000605000 	/System/Library/PrivateFrameworks/ChunkingLibrary.framework/Versions/A/ChunkingLibrary
0x0000000000605000 	/System/Library/PrivateFrameworks/CoreSymbolication.framework/Versions/A/CoreSymbolication
0x0000000000605000 	/System/Library/PrivateFrameworks/Symbolication.framework/Versions/A/Symbolication
0x0000000000605000 	/System/Library/PrivateFrameworks/DebugSymbols.framework/Versions/A/DebugSymbols
0x0000000105b73000 	/Library/Java/JavaVirtualMachines/jdk1.7.0_09.jdk/Contents/Home/jre/lib/server/libjvm.dylib
0x0000000000605000 	/usr/lib/libstdc++.6.dylib
0x000000010671d000 	/Library/Java/JavaVirtualMachines/jdk1.7.0_09.jdk/Contents/Home/jre/lib/libverify.dylib
0x000000010672a000 	/Library/Java/JavaVirtualMachines/jdk1.7.0_09.jdk/Contents/Home/jre/lib/libjava.dylib
0x000000010675b000 	/Library/Java/JavaVirtualMachines/jdk1.7.0_09.jdk/Contents/Home/jre/lib/libjdwp.dylib
0x0000000106798000 	/Library/Java/JavaVirtualMachines/jdk1.7.0_09.jdk/Contents/Home/jre/lib/./libnpt.dylib
0x00000001067bb000 	/Library/Java/JavaVirtualMachines/jdk1.7.0_09.jdk/Contents/Home/jre/lib/libzip.dylib
0x000000010a775000 	/System/Library/Frameworks/JavaVM.framework/Frameworks/JavaRuntimeSupport.framework/JavaRuntimeSupport
0x000000010a78d000 	/System/Library/Frameworks/JavaVM.framework/Versions/A/Frameworks/JavaNativeFoundation.framework/Versions/A/JavaNativeFoundation
0x00000001067ef000 	/System/Library/Frameworks/JavaVM.framework/Versions/A/JavaVM
0x0000000000605000 	/System/Library/Frameworks/Carbon.framework/Versions/A/Carbon
0x000000010a7a2000 	/System/Library/PrivateFrameworks/JavaLaunching.framework/Versions/A/JavaLaunching
0x0000000000605000 	/System/Library/Frameworks/Carbon.framework/Versions/A/Frameworks/CommonPanels.framework/Versions/A/CommonPanels
0x0000000000605000 	/System/Library/Frameworks/Carbon.framework/Versions/A/Frameworks/Help.framework/Versions/A/Help
0x0000000000605000 	/System/Library/Frameworks/Carbon.framework/Versions/A/Frameworks/ImageCapture.framework/Versions/A/ImageCapture
0x0000000000605000 	/System/Library/Frameworks/Carbon.framework/Versions/A/Frameworks/OpenScripting.framework/Versions/A/OpenScripting
0x0000000000605000 	/System/Library/Frameworks/Carbon.framework/Versions/A/Frameworks/Print.framework/Versions/A/Print
0x0000000000605000 	/System/Library/Frameworks/Carbon.framework/Versions/A/Frameworks/SecurityHI.framework/Versions/A/SecurityHI
0x000000010a9b7000 	/Library/Java/JavaVirtualMachines/jdk1.7.0_09.jdk/Contents/Home/jre/lib/libdt_socket.dylib

VM Arguments:
jvm_args: -agentlib:jdwp=transport=dt_socket,suspend=y,address=localhost:49311 -Dfile.encoding=UTF-8 
java_command: S1_10.Solution3_1
Launcher Type: SUN_STANDARD

Environment Variables:
PATH=/usr/bin:/bin:/usr/sbin:/sbin
SHELL=/bin/bash
DISPLAY=/tmp/launch-1pQJU9/org.macosforge.xquartz:0

Signal Handlers:
SIGSEGV: [libjvm.dylib+0x4a3a1d], sa_mask[0]=0xfffefeff, sa_flags=0x00000042
SIGBUS: [libjvm.dylib+0x4a3a1d], sa_mask[0]=0xfffefeff, sa_flags=0x00000042
SIGFPE: [libjvm.dylib+0x3b3431], sa_mask[0]=0xfffefeff, sa_flags=0x00000042
SIGPIPE: [libjvm.dylib+0x3b3431], sa_mask[0]=0xfffefeff, sa_flags=0x00000042
SIGXFSZ: [libjvm.dylib+0x3b3431], sa_mask[0]=0xfffefeff, sa_flags=0x00000042
SIGILL: [libjvm.dylib+0x3b3431], sa_mask[0]=0xfffefeff, sa_flags=0x00000042
SIGUSR1: SIG_DFL, sa_mask[0]=0x00000000, sa_flags=0x00000002
SIGUSR2: [libjvm.dylib+0x3b2fca], sa_mask[0]=0x00000004, sa_flags=0x00000042
SIGHUP: [libjvm.dylib+0x3b122b], sa_mask[0]=0xfffefeff, sa_flags=0x00000042
SIGINT: [libjvm.dylib+0x3b122b], sa_mask[0]=0xfffefeff, sa_flags=0x00000042
SIGTERM: [libjvm.dylib+0x3b122b], sa_mask[0]=0xfffefeff, sa_flags=0x00000042
SIGQUIT: [libjvm.dylib+0x3b122b], sa_mask[0]=0xfffefeff, sa_flags=0x00000042


---------------  S Y S T E M  ---------------

OS:Bsduname:Darwin 13.0.0 Darwin Kernel Version 13.0.0: Thu Sep 19 22:22:27 PDT 2013; root:xnu-2422.1.72~6/RELEASE_X86_64 x86_64
rlimit: STACK 8192k, CORE 0k, NPROC 709, NOFILE 10240, AS infinity
load average:8.52 8.47 9.57

CPU:total 4 (2 cores per cpu, 2 threads per core) family 6 model 58 stepping 9, cmov, cx8, fxsr, mmx, sse, sse2, sse3, ssse3, sse4.1, sse4.2, popcnt, avx, ht, tsc, tscinvbit, tscinv

Memory: 4k page, physical 1245632k(311408k free)

/proc/meminfo:


vm_info: Java HotSpot(TM) 64-Bit Server VM (23.5-b02) for bsd-amd64 JRE (1.7.0_09-b05), built on Sep 24 2012 21:39:08 by "java_re" with gcc 4.2.1 (Based on Apple Inc. build 5658) (LLVM build 2336.9.00)

time: Sat Dec 14 13:48:18 2013
elapsed time: 173 seconds

